<?xml version="1.0" encoding="UTF-8"?>
<!-- Generated by org.testng.reporters.JUnitReportReporter -->
<testsuite hostname="DESKTOP-QVM6J4J" failures="0" tests="2" name="com.Test_1.Test_testng_2" time="12.656" errors="0" timestamp="2023-04-05T09:30:42 IST" skipped="0">
  <testcase classname="com.Test_1.Test_testng_2" name="test_1" time="7.080"/>
  <system-out/>
  <testcase classname="com.Test_1.Test_testng_2" name="test_2" time="5.576"/>
  <system-out/>
</testsuite> <!-- com.Test_1.Test_testng_2 -->
