<?xml version="1.0" encoding="UTF-8"?>
<!-- Generated by org.testng.reporters.JUnitReportReporter -->
<testsuite hostname="DESKTOP-QVM6J4J" failures="0" tests="1" name="com.Test_1.Test_Registration" time="14.632" errors="0" timestamp="2023-04-07T09:11:46 IST" skipped="0">
  <testcase classname="com.Test_1.Test_Registration" name="verify_registrationPageTest" time="14.632"/>
  <system-out/>
</testsuite> <!-- com.Test_1.Test_Registration -->
