<?xml version="1.0" encoding="UTF-8"?>
<!-- Generated by org.testng.reporters.JUnitReportReporter -->
<testsuite hostname="DESKTOP-QVM6J4J" failures="0" tests="2" name="com.Test_1.Test_testng_1" time="0.002" errors="0" timestamp="2023-04-07T09:11:46 IST" skipped="0">
  <testcase classname="com.Test_1.Test_testng_1" name="Test_2" time="0.001"/>
  <system-out/>
  <testcase classname="com.Test_1.Test_testng_1" name="Test_1" time="0.001"/>
  <system-out/>
</testsuite> <!-- com.Test_1.Test_testng_1 -->
