<?xml version="1.0" encoding="UTF-8"?>
<!-- Generated by org.testng.reporters.JUnitReportReporter -->
<testsuite hostname="LAPTOP-9D3E946E" failures="0" tests="1" name="com.Test_1.Test_tc_004" time="0.014" errors="0" timestamp="2023-04-22T20:23:13 IST" skipped="0">
  <testcase classname="com.Test_1.Test_tc_004" name="test_004" time="0.014"/>
  <system-out/>
</testsuite> <!-- com.Test_1.Test_tc_004 -->
