<?xml version="1.0" encoding="UTF-8"?>
<!-- Generated by org.testng.reporters.JUnitReportReporter -->
<testsuite hostname="DESKTOP-QVM6J4J" failures="0" tests="3" name="Groups_Test.Test_S1" time="0.013" errors="0" timestamp="2023-04-11T08:57:21 IST" skipped="0">
  <testcase classname="Groups_Test.Test_S1" name="m1" time="0.009"/>
  <system-out/>
  <testcase classname="Groups_Test.Test_S1" name="m3" time="0.002"/>
  <system-out/>
  <testcase classname="Groups_Test.Test_S1" name="m2" time="0.002"/>
  <system-out/>
</testsuite> <!-- Groups_Test.Test_S1 -->
