<?xml version="1.0" encoding="UTF-8"?>
<!-- Generated by org.testng.reporters.JUnitReportReporter -->
<testsuite hostname="DESKTOP-QVM6J4J" failures="0" tests="2" name="Groups_Test.Test_S3" time="0.010" errors="0" timestamp="2023-04-11T09:28:10 IST" skipped="0">
  <testcase classname="Groups_Test.Test_S3" name="a1" time="0.009"/>
  <system-out/>
  <testcase classname="Groups_Test.Test_S3" name="a1" time="0.001"/>
  <system-out/>
</testsuite> <!-- Groups_Test.Test_S3 -->
